<?xml version="1.0" encoding="UTF-8"?>
<!-- Generated by org.testng.reporters.JUnitXMLReporter -->
<testsuite hostname="may27" name="testgroup" tests="3" failures="1" timestamp="8 Aug 2012 07:43:59 GMT" time="9.28" errors="0">
  <testcase name="EnterPageForm" time="0.0090" classname="com.test.Test1">
    <failure type="java.lang.NullPointerException">
      <![CDATA[java.lang.NullPointerException
	at org.openqa.selenium.interactions.Actions.<init>(Actions.java:44)
	at com.test.Test1.EnterPageForm(Test1.java:52)
... Removed 24 stack frames]]>
    </failure>
  </testcase> <!-- EnterPageForm -->
  <testcase name="Login" time="9.064" classname="com.test.Test1"/>
  <testcase name="Logout" time="0.192" classname="com.test.Test1"/>
</testsuite> <!-- testgroup -->
